Log file open, 04/12/22 20:56:12
LogWindows: Failed to load 'aqProf.dll' (GetLastError=126)
LogWindows: File 'aqProf.dll' does not exist
LogWindows: Failed to load 'VtuneApi.dll' (GetLastError=126)
LogWindows: File 'VtuneApi.dll' does not exist
LogWindows: Failed to load 'VtuneApi32e.dll' (GetLastError=126)
LogWindows: File 'VtuneApi32e.dll' does not exist
LogConsoleResponse: Display: Failed to find resolution value strings in scalability ini. Falling back to default.
LogConsoleResponse: Display: Failed to find resolution value strings in scalability ini. Falling back to default.
LogInit: Display: Running engine for game: CrossyRoad
LogPlatformFile: Not using cached read wrapper
LogTaskGraph: Started task graph with 5 named threads and 14 total threads with 3 sets of task threads.
LogStats: Stats thread started at 0.342284
LogICUInternationalization: ICU TimeZone Detection - Raw Offset: -8:00, Platform Override: ''
LogInit: Display: Loading text-based GConfig....
LogPluginManager: Mounting plugin MegascansPlugin
LogPluginManager: Mounting plugin MeshPainting
LogPluginManager: Mounting plugin XGEController
LogPluginManager: Mounting plugin Paper2D
LogPluginManager: Mounting plugin LiveLink
LogPluginManager: Mounting plugin AISupport
LogPluginManager: Mounting plugin EnvironmentQueryEditor
LogPluginManager: Mounting plugin LightPropagationVolume
LogPluginManager: Mounting plugin CameraShakePreviewer
LogPluginManager: Mounting plugin GameplayCameras
LogPluginManager: Mounting plugin AnimationSharing
LogPluginManager: Mounting plugin CodeLiteSourceCodeAccess
LogPluginManager: Mounting plugin CLionSourceCodeAccess
LogPluginManager: Mounting plugin GitSourceControl
LogPluginManager: Mounting plugin KDevelopSourceCodeAccess
LogPluginManager: Mounting plugin NullSourceCodeAccess
LogPluginManager: Mounting plugin PerforceSourceControl
LogPluginManager: Mounting plugin PixWinPlugin
LogPluginManager: Mounting plugin PlasticSourceControl
LogPluginManager: Mounting plugin PluginUtils
LogPluginManager: Mounting plugin PropertyAccessNode
LogPluginManager: Mounting plugin RiderSourceCodeAccess
LogPluginManager: Mounting plugin SubversionSourceControl
LogPluginManager: Mounting plugin TextureFormatOodle
LogPluginManager: Mounting plugin UObjectPlugin
LogPluginManager: Mounting plugin VisualStudioSourceCodeAccess
LogPluginManager: Mounting plugin VisualStudioCodeSourceCodeAccess
LogPluginManager: Mounting plugin XCodeSourceCodeAccess
LogPluginManager: Mounting plugin AssetManagerEditor
LogPluginManager: Mounting plugin CryptoKeys
LogPluginManager: Mounting plugin CurveEditorTools
LogPluginManager: Mounting plugin DataValidation
LogPluginManager: Mounting plugin EditorScriptingUtilities
LogPluginManager: Mounting plugin FacialAnimation
LogPluginManager: Mounting plugin GameplayTagsEditor
LogPluginManager: Mounting plugin GeometryMode
LogPluginManager: Mounting plugin MacGraphicsSwitching
LogPluginManager: Mounting plugin MaterialAnalyzer
LogPluginManager: Mounting plugin MobileLauncherProfileWizard
LogPluginManager: Mounting plugin PluginBrowser
LogPluginManager: Mounting plugin SpeedTreeImporter
LogPluginManager: Mounting plugin DatasmithContent
LogPluginManager: Mounting plugin VariantManagerContent
LogPluginManager: Mounting plugin AlembicImporter
LogPluginManager: Mounting plugin BackChannel
LogPluginManager: Mounting plugin AutomationUtils
LogPluginManager: Mounting plugin OodleData
LogPluginManager: Mounting plugin ChaosCloth
LogPluginManager: Mounting plugin ChaosClothEditor
LogPluginManager: Mounting plugin OodleNetwork
LogPluginManager: Mounting plugin ChaosEditor
LogPluginManager: Mounting plugin ChaosNiagara
LogPluginManager: Mounting plugin ChaosSolverPlugin
LogPluginManager: Mounting plugin CharacterAI
LogPluginManager: Mounting plugin Niagara
LogPluginManager: Mounting plugin GeometryCache
LogPluginManager: Mounting plugin GeometryCollectionPlugin
LogPluginManager: Mounting plugin GeometryProcessing
LogPluginManager: Mounting plugin MotoSynth
LogPluginManager: Mounting plugin OpenImageDenoise
LogPluginManager: Mounting plugin PlanarCut
LogPluginManager: Mounting plugin PlatformCrypto
LogPluginManager: Mounting plugin ProxyLODPlugin
LogPluginManager: Mounting plugin LuminPlatformFeatures
LogPluginManager: Mounting plugin MagicLeap
LogPluginManager: Mounting plugin PythonScriptPlugin
LogPluginManager: Mounting plugin MagicLeapLightEstimation
LogPluginManager: Mounting plugin MagicLeapMedia
LogPluginManager: Mounting plugin MagicLeapPassableWorld
LogPluginManager: Mounting plugin MLSDK
LogPluginManager: Mounting plugin SkeletalReduction
LogPluginManager: Mounting plugin AndroidMedia
LogPluginManager: Mounting plugin AvfMedia
LogPluginManager: Mounting plugin ImgMedia
LogPluginManager: Mounting plugin MediaCompositing
LogPluginManager: Mounting plugin MediaPlayerEditor
LogPluginManager: Mounting plugin WebMMedia
LogPluginManager: Mounting plugin WmfMedia
LogPluginManager: Mounting plugin TcpMessaging
LogPluginManager: Mounting plugin UdpMessaging
LogPluginManager: Mounting plugin ActorSequence
LogPluginManager: Mounting plugin LevelSequenceEditor
LogPluginManager: Mounting plugin MatineeToLevelSequence
LogPluginManager: Mounting plugin TemplateSequence
LogPluginManager: Mounting plugin OnlineSubsystem
LogPluginManager: Mounting plugin OnlineSubsystemNull
LogPluginManager: Mounting plugin OnlineSubsystemUtils
LogPluginManager: Mounting plugin LauncherChunkInstaller
LogPluginManager: Mounting plugin ActorLayerUtilities
LogPluginManager: Mounting plugin AndroidMoviePlayer
LogPluginManager: Mounting plugin AndroidDeviceProfileSelector
LogPluginManager: Mounting plugin AndroidPermission
LogPluginManager: Mounting plugin AppleImageUtils
LogPluginManager: Mounting plugin AppleMoviePlayer
LogPluginManager: Mounting plugin ArchVisCharacter
LogPluginManager: Mounting plugin AssetTags
LogPluginManager: Mounting plugin AudioCapture
LogPluginManager: Mounting plugin AudioSynesthesia
LogPluginManager: Mounting plugin CableComponent
LogPluginManager: Mounting plugin ChunkDownloader
LogPluginManager: Mounting plugin CustomMeshComponent
LogPluginManager: Mounting plugin EditableMesh
LogPluginManager: Mounting plugin ExampleDeviceProfileSelector
LogPluginManager: Mounting plugin GoogleCloudMessaging
LogPluginManager: Mounting plugin GooglePAD
LogPluginManager: Mounting plugin IOSDeviceProfileSelector
LogPluginManager: Mounting plugin LinuxDeviceProfileSelector
LogPluginManager: Mounting plugin LocationServicesBPLibrary
LogPluginManager: Mounting plugin MobilePatchingUtils
LogPluginManager: Mounting plugin OpenXR
LogPluginManager: Mounting plugin OpenXREyeTracker
LogPluginManager: Mounting plugin OpenXRHandTracking
LogPluginManager: Mounting plugin PhysXVehicles
LogPluginManager: Mounting plugin PostSplashScreen
LogPluginManager: Mounting plugin ProceduralMeshComponent
LogPluginManager: Mounting plugin PropertyAccessEditor
LogPluginManager: Mounting plugin RuntimePhysXCooking
LogPluginManager: Mounting plugin SignificanceManager
LogPluginManager: Mounting plugin SoundFields
LogPluginManager: Mounting plugin Synthesis
LogPluginManager: Mounting plugin WebMMoviePlayer
LogPluginManager: Mounting plugin WindowsMoviePlayer
LogPluginManager: Mounting plugin ScreenshotTools
LogPluginManager: Mounting plugin Takes
LogPluginManager: Mounting plugin ContentBrowserAssetDataSource
LogPluginManager: Mounting plugin ContentBrowserClassDataSource
LogPluginManager: Mounting plugin ContentBrowserFileDataSource
LogPluginManager: Mounting plugin OnlineSubsystemGooglePlay
LogPluginManager: Mounting plugin OnlineSubsystemIOS
LogPluginManager: Mounting plugin DatabaseSupport
LogPluginManager: Mounting plugin SQLiteCore
LogPluginManager: Mounting plugin SQLiteSupport
LogPluginManager: Mounting plugin OculusVR
LogPluginManager: Mounting plugin SteamVR
PixWinPlugin: PIX capture plugin failed to initialize! Check that the process is launched from PIX.
LogInit: Using libcurl 7.55.1-DEV
LogInit:  - built for x86_64-pc-win32
LogInit:  - supports SSL with OpenSSL/1.1.1
LogInit:  - supports HTTP deflate (compression) using libz 1.2.8
LogInit:  - other features:
LogInit:      CURL_VERSION_SSL
LogInit:      CURL_VERSION_LIBZ
LogInit:      CURL_VERSION_IPV6
LogInit:      CURL_VERSION_ASYNCHDNS
LogInit:      CURL_VERSION_LARGEFILE
LogInit:      CURL_VERSION_IDN
LogInit:  CurlRequestOptions (configurable via config and command line):
LogInit:  - bVerifyPeer = true  - Libcurl will verify peer certificate
LogInit:  - bUseHttpProxy = false  - Libcurl will NOT use HTTP proxy
LogInit:  - bDontReuseConnections = false  - Libcurl will reuse connections
LogInit:  - MaxHostConnections = 16  - Libcurl will limit the number of connections to a host
LogInit:  - LocalHostAddr = Default
LogInit:  - BufferSize = 65536
LogOnline: OSS: Creating online subsystem instance for: NULL
LogInit: WinSock: version 1.1 (2.2), MaxSocks=32767, MaxUdp=65467
LogOnline: OSS: TryLoadSubsystemAndSetDefault: Loaded subsystem for module [NULL]
LogOculusPluginWrapper: OculusPlugin initialized successfully
LogHMD: Failed initializing OVRPlugin 1.59.0
LogInit: Build: ++UE4+Release-4.27-CL-18319896
LogInit: Engine Version: 4.27.2-18319896+++UE4+Release-4.27
LogInit: Compatible Engine Version: 4.27.0-17155196+++UE4+Release-4.27
LogInit: Net CL: 17155196
LogInit: OS: Windows 10 (Release 2009) (), CPU: Intel(R) Core(TM) i5-6600K CPU @ 3.50GHz, GPU: NVIDIA GeForce GTX 1050 Ti
LogInit: Compiled (64-bit): Nov 30 2021 07:12:08
LogInit: Compiled with Visual C++: 19.24.28315.00
LogInit: Build Configuration: Development
LogInit: Branch Name: ++UE4+Release-4.27
LogInit: Command Line:  /Game/ThirdPersonBP/Maps/ThirdPersonExampleMap -game -PIEVIACONSOLE -Multiprocess "GameUserSettingsINI=C:/Users/Nathans PC/Documents/Unreal Projects/CrossyRoad/Saved/Config/Windows/PIEGameUserSettings0.ini" -MultiprocessSaveConfig -forcepassthrough -messaging -SessionName="Play in Standalone Game" -featureleveles31 -faketouches -MultiprocessSaveConfig -windowed -WinX=0 -WinY=24 SAVEWINPOS=1 -ResX=1910 -ResY=1006
LogInit: Base Directory: C:/Program Files/Epic Games/UE_4.27/Engine/Binaries/Win64/
LogInit: Allocator: TBB
LogInit: Installed Engine Build: 1
LogDevObjectVersion: Number of dev versions registered: 29
LogDevObjectVersion:   Dev-Blueprints (B0D832E4-1F89-4F0D-ACCF-7EB736FD4AA2): 10
LogDevObjectVersion:   Dev-Build (E1C64328-A22C-4D53-A36C-8E866417BD8C): 0
LogDevObjectVersion:   Dev-Core (375EC13C-06E4-48FB-B500-84F0262A717E): 4
LogDevObjectVersion:   Dev-Editor (E4B068ED-F494-42E9-A231-DA0B2E46BB41): 40
LogDevObjectVersion:   Dev-Framework (CFFC743F-43B0-4480-9391-14DF171D2073): 37
LogDevObjectVersion:   Dev-Mobile (B02B49B5-BB20-44E9-A304-32B752E40360): 3
LogDevObjectVersion:   Dev-Networking (A4E4105C-59A1-49B5-A7C5-40C4547EDFEE): 0
LogDevObjectVersion:   Dev-Online (39C831C9-5AE6-47DC-9A44-9C173E1C8E7C): 0
LogDevObjectVersion:   Dev-Physics (78F01B33-EBEA-4F98-B9B4-84EACCB95AA2): 14
LogDevObjectVersion:   Dev-Platform (6631380F-2D4D-43E0-8009-CF276956A95A): 0
LogDevObjectVersion:   Dev-Rendering (12F88B9F-8875-4AFC-A67C-D90C383ABD29): 45
LogDevObjectVersion:   Dev-Sequencer (7B5AE74C-D270-4C10-A958-57980B212A5A): 13
LogDevObjectVersion:   Dev-VR (D7296918-1DD6-4BDD-9DE2-64A83CC13884): 3
LogDevObjectVersion:   Dev-LoadTimes (C2A15278-BFE7-4AFE-6C17-90FF531DF755): 1
LogDevObjectVersion:   Private-Geometry (6EACA3D4-40EC-4CC1-B786-8BED09428FC5): 3
LogDevObjectVersion:   Dev-AnimPhys (29E575DD-E0A3-4627-9D10-D276232CDCEA): 17
LogDevObjectVersion:   Dev-Anim (AF43A65D-7FD3-4947-9873-3E8ED9C1BB05): 15
LogDevObjectVersion:   Dev-ReflectionCapture (6B266CEC-1EC7-4B8F-A30B-E4D90942FC07): 1
LogDevObjectVersion:   Dev-Automation (0DF73D61-A23F-47EA-B727-89E90C41499A): 1
LogDevObjectVersion:   FortniteMain (601D1886-AC64-4F84-AA16-D3DE0DEAC7D6): 47
LogDevObjectVersion:   FortniteRelease (E7086368-6B23-4C58-8439-1B7016265E91): 1
LogDevObjectVersion:   Dev-Enterprise (9DFFBCD6-494F-0158-E221-12823C92A888): 10
LogDevObjectVersion:   Dev-Niagara (F2AED0AC-9AFE-416F-8664-AA7FFA26D6FC): 1
LogDevObjectVersion:   Dev-Destruction (174F1F0B-B4C6-45A5-B13F-2EE8D0FB917D): 10
LogDevObjectVersion:   Dev-Physics-Ext (35F94A83-E258-406C-A318-09F59610247C): 41
LogDevObjectVersion:   Dev-PhysicsMaterial-Chaos (B68FC16E-8B1B-42E2-B453-215C058844FE): 1
LogDevObjectVersion:   Dev-CineCamera (B2E18506-4273-CFC2-A54E-F4BB758BBA07): 1
LogDevObjectVersion:   Dev-VirtualProduction (64F58936-FD1B-42BA-BA96-7289D5D0FA4E): 1
LogDevObjectVersion:   Dev-MediaFramework (6F0ED827-A609-4895-9C91-998D90180EA4): 2
LogInit: Presizing for max 25165824 objects, including 0 objects not considered by GC, pre-allocating 0 bytes for permanent pool.
LogConfig: Applying CVar settings from Section [/Script/Engine.StreamingSettings] File [C:/Users/Nathans PC/Documents/Unreal Projects/CrossyRoad/Saved/Config/Windows/Engine.ini]
LogConfig: Setting CVar [[s.MinBulkDataSizeForAsyncLoading:131072]]
LogConfig: Setting CVar [[s.AsyncLoadingThreadEnabled:0]]
LogConfig: Setting CVar [[s.EventDrivenLoaderEnabled:1]]
LogConfig: Setting CVar [[s.WarnIfTimeLimitExceeded:0]]
LogConfig: Setting CVar [[s.TimeLimitExceededMultiplier:1.5]]
LogConfig: Setting CVar [[s.TimeLimitExceededMinTime:0.005]]
LogConfig: Setting CVar [[s.UseBackgroundLevelStreaming:1]]
LogConfig: Setting CVar [[s.PriorityAsyncLoadingExtraTime:15.0]]
LogConfig: Setting CVar [[s.LevelStreamingActorsUpdateTimeLimit:5.0]]
LogConfig: Setting CVar [[s.PriorityLevelStreamingActorsUpdateExtraTime:5.0]]
LogConfig: Setting CVar [[s.LevelStreamingComponentsRegistrationGranularity:10]]
LogConfig: Setting CVar [[s.UnregisterComponentsTimeLimit:1.0]]
LogConfig: Setting CVar [[s.LevelStreamingComponentsUnregistrationGranularity:5]]
LogConfig: Setting CVar [[s.FlushStreamingOnExit:1]]
LogInit: Object subsystem initialized
LogConfig: Setting CVar [[con.DebugEarlyDefault:1]]
LogConfig: Setting CVar [[r.setres:1280x720]]
[2022.04.13-03.56.13:750][  0]LogConfig: Setting CVar [[con.DebugEarlyDefault:1]]
[2022.04.13-03.56.13:750][  0]LogConfig: Setting CVar [[r.setres:1280x720]]
[2022.04.13-03.56.13:750][  0]LogConfig: Applying CVar settings from Section [/Script/Engine.RendererSettings] File [C:/Users/Nathans PC/Documents/Unreal Projects/CrossyRoad/Saved/Config/Windows/Engine.ini]
[2022.04.13-03.56.13:750][  0]LogConfig: Setting CVar [[r.GPUCrashDebugging:0]]
[2022.04.13-03.56.13:750][  0]LogConfig: Applying CVar settings from Section [/Script/Engine.RendererOverrideSettings] File [C:/Users/Nathans PC/Documents/Unreal Projects/CrossyRoad/Saved/Config/Windows/Engine.ini]
[2022.04.13-03.56.13:750][  0]LogConfig: Applying CVar settings from Section [/Script/Engine.StreamingSettings] File [C:/Users/Nathans PC/Documents/Unreal Projects/CrossyRoad/Saved/Config/Windows/Engine.ini]
[2022.04.13-03.56.13:750][  0]LogConfig: Setting CVar [[s.MinBulkDataSizeForAsyncLoading:131072]]
[2022.04.13-03.56.13:750][  0]LogConfig: Setting CVar [[s.AsyncLoadingThreadEnabled:0]]
[2022.04.13-03.56.13:750][  0]LogConfig: Setting CVar [[s.EventDrivenLoaderEnabled:1]]
[2022.04.13-03.56.13:750][  0]LogConfig: Setting CVar [[s.WarnIfTimeLimitExceeded:0]]
[2022.04.13-03.56.13:750][  0]LogConfig: Setting CVar [[s.TimeLimitExceededMultiplier:1.5]]
[2022.04.13-03.56.13:750][  0]LogConfig: Setting CVar [[s.TimeLimitExceededMinTime:0.005]]
[2022.04.13-03.56.13:750][  0]LogConfig: Setting CVar [[s.UseBackgroundLevelStreaming:1]]
[2022.04.13-03.56.13:750][  0]LogConfig: Setting CVar [[s.PriorityAsyncLoadingExtraTime:15.0]]
[2022.04.13-03.56.13:750][  0]LogConfig: Setting CVar [[s.LevelStreamingActorsUpdateTimeLimit:5.0]]
[2022.04.13-03.56.13:750][  0]LogConfig: Setting CVar [[s.PriorityLevelStreamingActorsUpdateExtraTime:5.0]]
[2022.04.13-03.56.13:750][  0]LogConfig: Setting CVar [[s.LevelStreamingComponentsRegistrationGranularity:10]]
[2022.04.13-03.56.13:750][  0]LogConfig: Setting CVar [[s.UnregisterComponentsTimeLimit:1.0]]
[2022.04.13-03.56.13:750][  0]LogConfig: Setting CVar [[s.LevelStreamingComponentsUnregistrationGranularity:5]]
[2022.04.13-03.56.13:750][  0]LogConfig: Setting CVar [[s.FlushStreamingOnExit:1]]
[2022.04.13-03.56.13:750][  0]LogConfig: Applying CVar settings from Section [/Script/Engine.GarbageCollectionSettings] File [C:/Users/Nathans PC/Documents/Unreal Projects/CrossyRoad/Saved/Config/Windows/Engine.ini]
[2022.04.13-03.56.13:750][  0]LogConfig: Setting CVar [[gc.MaxObjectsNotConsideredByGC:1]]
[2022.04.13-03.56.13:750][  0]LogConfig: Setting CVar [[gc.SizeOfPermanentObjectPool:0]]
[2022.04.13-03.56.13:750][  0]LogConfig: Setting CVar [[gc.FlushStreamingOnGC:0]]
[2022.04.13-03.56.13:750][  0]LogConfig: Setting CVar [[gc.NumRetriesBeforeForcingGC:10]]
[2022.04.13-03.56.13:750][  0]LogConfig: Setting CVar [[gc.AllowParallelGC:1]]
[2022.04.13-03.56.13:750][  0]LogConfig: Setting CVar [[gc.TimeBetweenPurgingPendingKillObjects:61.1]]
[2022.04.13-03.56.13:750][  0]LogConfig: Setting CVar [[gc.MaxObjectsInEditor:25165824]]
[2022.04.13-03.56.13:750][  0]LogConfig: Setting CVar [[gc.IncrementalBeginDestroyEnabled:1]]
[2022.04.13-03.56.13:750][  0]LogConfig: Setting CVar [[gc.CreateGCClusters:1]]
[2022.04.13-03.56.13:750][  0]LogConfig: Setting CVar [[gc.MinGCClusterSize:5]]
[2022.04.13-03.56.13:750][  0]LogConfig: Setting CVar [[gc.ActorClusteringEnabled:0]]
[2022.04.13-03.56.13:750][  0]LogConfig: Setting CVar [[gc.BlueprintClusteringEnabled:0]]
[2022.04.13-03.56.13:750][  0]LogConfig: Setting CVar [[gc.UseDisregardForGCOnDedicatedServers:0]]
[2022.04.13-03.56.13:750][  0]LogConfig: Setting CVar [[gc.MultithreadedDestructionEnabled:1]]
[2022.04.13-03.56.13:750][  0]LogConfig: Applying CVar settings from Section [/Script/Engine.NetworkSettings] File [C:/Users/Nathans PC/Documents/Unreal Projects/CrossyRoad/Saved/Config/Windows/Engine.ini]
[2022.04.13-03.56.13:750][  0]LogConfig: Applying CVar settings from Section [/Script/UnrealEd.CookerSettings] File [C:/Users/Nathans PC/Documents/Unreal Projects/CrossyRoad/Saved/Config/Windows/Engine.ini]
[2022.04.13-03.56.13:787][  0]LogConfig: Applying CVar settings from Section [ViewDistanceQuality@3] File [C:/Users/Nathans PC/Documents/Unreal Projects/CrossyRoad/Saved/Config/Windows/Scalability.ini]
[2022.04.13-03.56.13:787][  0]LogConfig: Setting CVar [[r.SkeletalMeshLODBias:0]]
[2022.04.13-03.56.13:787][  0]LogConfig: Setting CVar [[r.ViewDistanceScale:1.0]]
[2022.04.13-03.56.13:787][  0]LogConfig: Applying CVar settings from Section [AntiAliasingQuality@3] File [C:/Users/Nathans PC/Documents/Unreal Projects/CrossyRoad/Saved/Config/Windows/Scalability.ini]
[2022.04.13-03.56.13:787][  0]LogConfig: Setting CVar [[r.PostProcessAAQuality:4]]
[2022.04.13-03.56.13:787][  0]LogConfig: Applying CVar settings from Section [ShadowQuality@3] File [C:/Users/Nathans PC/Documents/Unreal Projects/CrossyRoad/Saved/Config/Windows/Scalability.ini]
[2022.04.13-03.56.13:787][  0]LogConfig: Setting CVar [[r.LightFunctionQuality:1]]
[2022.04.13-03.56.13:787][  0]LogConfig: Setting CVar [[r.ShadowQuality:5]]
[2022.04.13-03.56.13:787][  0]LogConfig: Setting CVar [[r.Shadow.CSM.MaxCascades:10]]
[2022.04.13-03.56.13:787][  0]LogConfig: Setting CVar [[r.Shadow.MaxResolution:2048]]
[2022.04.13-03.56.13:787][  0]LogConfig: Setting CVar [[r.Shadow.MaxCSMResolution:2048]]
[2022.04.13-03.56.13:787][  0]LogConfig: Setting CVar [[r.Shadow.RadiusThreshold:0.01]]
[2022.04.13-03.56.13:787][  0]LogConfig: Setting CVar [[r.Shadow.DistanceScale:1.0]]
[2022.04.13-03.56.13:787][  0]LogConfig: Setting CVar [[r.Shadow.CSM.TransitionScale:1.0]]
[2022.04.13-03.56.13:787][  0]LogConfig: Setting CVar [[r.Shadow.PreShadowResolutionFactor:1.0]]
[2022.04.13-03.56.13:787][  0]LogConfig: Setting CVar [[r.DistanceFieldShadowing:1]]
[2022.04.13-03.56.13:787][  0]LogConfig: Setting CVar [[r.DistanceFieldAO:1]]
[2022.04.13-03.56.13:787][  0]LogConfig: Setting CVar [[r.AOQuality:2]]
[2022.04.13-03.56.13:787][  0]LogConfig: Setting CVar [[r.VolumetricFog:1]]
[2022.04.13-03.56.13:787][  0]LogConfig: Setting CVar [[r.VolumetricFog.GridPixelSize:8]]
[2022.04.13-03.56.13:787][  0]LogConfig: Setting CVar [[r.VolumetricFog.GridSizeZ:128]]
[2022.04.13-03.56.13:787][  0]LogConfig: Setting CVar [[r.VolumetricFog.HistoryMissSupersampleCount:4]]
[2022.04.13-03.56.13:787][  0]LogConfig: Setting CVar [[r.LightMaxDrawDistanceScale:1]]
[2022.04.13-03.56.13:787][  0]LogConfig: Setting CVar [[r.CapsuleShadows:1]]
[2022.04.13-03.56.13:788][  0]LogConfig: Applying CVar settings from Section [PostProcessQuality@3] File [C:/Users/Nathans PC/Documents/Unreal Projects/CrossyRoad/Saved/Config/Windows/Scalability.ini]
[2022.04.13-03.56.13:788][  0]LogConfig: Setting CVar [[r.MotionBlurQuality:4]]
[2022.04.13-03.56.13:788][  0]LogConfig: Setting CVar [[r.AmbientOcclusionMipLevelFactor:0.4]]
[2022.04.13-03.56.13:788][  0]LogConfig: Setting CVar [[r.AmbientOcclusionMaxQuality:100]]
[2022.04.13-03.56.13:788][  0]LogConfig: Setting CVar [[r.AmbientOcclusionLevels:-1]]
[2022.04.13-03.56.13:788][  0]LogConfig: Setting CVar [[r.AmbientOcclusionRadiusScale:1.0]]
[2022.04.13-03.56.13:788][  0]LogConfig: Setting CVar [[r.DepthOfFieldQuality:2]]
[2022.04.13-03.56.13:788][  0]LogConfig: Setting CVar [[r.RenderTargetPoolMin:400]]
[2022.04.13-03.56.13:788][  0]LogConfig: Setting CVar [[r.LensFlareQuality:2]]
[2022.04.13-03.56.13:788][  0]LogConfig: Setting CVar [[r.SceneColorFringeQuality:1]]
[2022.04.13-03.56.13:788][  0]LogConfig: Setting CVar [[r.EyeAdaptationQuality:2]]
[2022.04.13-03.56.13:788][  0]LogConfig: Setting CVar [[r.BloomQuality:5]]
[2022.04.13-03.56.13:788][  0]LogConfig: Setting CVar [[r.FastBlurThreshold:100]]
[2022.04.13-03.56.13:788][  0]LogConfig: Setting CVar [[r.Upscale.Quality:3]]
[2022.04.13-03.56.13:788][  0]LogConfig: Setting CVar [[r.Tonemapper.GrainQuantization:1]]
[2022.04.13-03.56.13:788][  0]LogConfig: Setting CVar [[r.LightShaftQuality:1]]
[2022.04.13-03.56.13:788][  0]LogConfig: Setting CVar [[r.Filter.SizeScale:1]]
[2022.04.13-03.56.13:788][  0]LogConfig: Setting CVar [[r.Tonemapper.Quality:5]]
[2022.04.13-03.56.13:788][  0]LogConfig: Setting CVar [[r.DOF.Gather.AccumulatorQuality:1        ; higher gathering accumulator quality]]
[2022.04.13-03.56.13:788][  0]LogConfig: Setting CVar [[r.DOF.Gather.PostfilterMethod:1          ; Median3x3 postfilering method]]
[2022.04.13-03.56.13:788][  0]LogConfig: Setting CVar [[r.DOF.Gather.EnableBokehSettings:0       ; no bokeh simulation when gathering]]
[2022.04.13-03.56.13:788][  0]LogConfig: Setting CVar [[r.DOF.Gather.RingCount:4                 ; medium number of samples when gathering]]
[2022.04.13-03.56.13:788][  0]LogConfig: Setting CVar [[r.DOF.Scatter.ForegroundCompositing:1    ; additive foreground scattering]]
[2022.04.13-03.56.13:788][  0]LogConfig: Setting CVar [[r.DOF.Scatter.BackgroundCompositing:2    ; additive background scattering]]
[2022.04.13-03.56.13:788][  0]LogConfig: Setting CVar [[r.DOF.Scatter.EnableBokehSettings:1      ; bokeh simulation when scattering]]
[2022.04.13-03.56.13:788][  0]LogConfig: Setting CVar [[r.DOF.Scatter.MaxSpriteRatio:0.1         ; only a maximum of 10% of scattered bokeh]]
[2022.04.13-03.56.13:788][  0]LogConfig: Setting CVar [[r.DOF.Recombine.Quality:1                ; cheap slight out of focus]]
[2022.04.13-03.56.13:788][  0]LogConfig: Setting CVar [[r.DOF.Recombine.EnableBokehSettings:0    ; no bokeh simulation on slight out of focus]]
[2022.04.13-03.56.13:788][  0]LogConfig: Setting CVar [[r.DOF.TemporalAAQuality:1                ; more stable temporal accumulation]]
[2022.04.13-03.56.13:788][  0]LogConfig: Setting CVar [[r.DOF.Kernel.MaxForegroundRadius:0.025]]
[2022.04.13-03.56.13:788][  0]LogConfig: Setting CVar [[r.DOF.Kernel.MaxBackgroundRadius:0.025]]
[2022.04.13-03.56.13:788][  0]LogConfig: Applying CVar settings from Section [TextureQuality@3] File [C:/Users/Nathans PC/Documents/Unreal Projects/CrossyRoad/Saved/Config/Windows/Scalability.ini]
[2022.04.13-03.56.13:788][  0]LogConfig: Setting CVar [[r.Streaming.MipBias:0]]
[2022.04.13-03.56.13:788][  0]LogConfig: Setting CVar [[r.Streaming.AmortizeCPUToGPUCopy:0]]
[2022.04.13-03.56.13:788][  0]LogConfig: Setting CVar [[r.Streaming.MaxNumTexturesToStreamPerFrame:0]]
[2022.04.13-03.56.13:788][  0]LogConfig: Setting CVar [[r.Streaming.Boost:1]]
[2022.04.13-03.56.13:788][  0]LogConfig: Setting CVar [[r.MaxAnisotropy:8]]
[2022.04.13-03.56.13:788][  0]LogConfig: Setting CVar [[r.VT.MaxAnisotropy:8]]
[2022.04.13-03.56.13:788][  0]LogConfig: Setting CVar [[r.Streaming.LimitPoolSizeToVRAM:0]]
[2022.04.13-03.56.13:788][  0]LogConfig: Setting CVar [[r.Streaming.PoolSize:1000]]
[2022.04.13-03.56.13:788][  0]LogConfig: Setting CVar [[r.Streaming.MaxEffectiveScreenSize:0]]
[2022.04.13-03.56.13:788][  0]LogConfig: Applying CVar settings from Section [EffectsQuality@3] File [C:/Users/Nathans PC/Documents/Unreal Projects/CrossyRoad/Saved/Config/Windows/Scalability.ini]
[2022.04.13-03.56.13:788][  0]LogConfig: Setting CVar [[r.TranslucencyLightingVolumeDim:64]]
[2022.04.13-03.56.13:788][  0]LogConfig: Setting CVar [[r.RefractionQuality:2]]
[2022.04.13-03.56.13:788][  0]LogConfig: Setting CVar [[r.SSR.Quality:3]]
[2022.04.13-03.56.13:788][  0]LogConfig: Setting CVar [[r.SSR.HalfResSceneColor:0]]
[2022.04.13-03.56.13:788][  0]LogConfig: Setting CVar [[r.SceneColorFormat:4]]
[2022.04.13-03.56.13:788][  0]LogConfig: Setting CVar [[r.DetailMode:2]]
[2022.04.13-03.56.13:788][  0]LogConfig: Setting CVar [[r.TranslucencyVolumeBlur:1]]
[2022.04.13-03.56.13:788][  0]LogConfig: Setting CVar [[r.MaterialQualityLevel:1 ; High quality]]
[2022.04.13-03.56.13:788][  0]LogConfig: Setting CVar [[r.AnisotropicMaterials:1]]
[2022.04.13-03.56.13:788][  0]LogConfig: Setting CVar [[r.SSS.Scale:1]]
[2022.04.13-03.56.13:788][  0]LogConfig: Setting CVar [[r.SSS.SampleSet:2]]
[2022.04.13-03.56.13:788][  0]LogConfig: Setting CVar [[r.SSS.Quality:1]]
[2022.04.13-03.56.13:788][  0]LogConfig: Setting CVar [[r.SSS.HalfRes:0]]
[2022.04.13-03.56.13:788][  0]LogConfig: Setting CVar [[r.SSGI.Quality:3]]
[2022.04.13-03.56.13:788][  0]LogConfig: Setting CVar [[r.EmitterSpawnRateScale:1.0]]
[2022.04.13-03.56.13:788][  0]LogConfig: Setting CVar [[r.ParticleLightQuality:2]]
[2022.04.13-03.56.13:788][  0]LogConfig: Setting CVar [[r.SkyAtmosphere.AerialPerspectiveLUT.FastApplyOnOpaque:1 ; Always have FastSkyLUT 1 in this case to avoid wrong sky]]
[2022.04.13-03.56.13:788][  0]LogConfig: Setting CVar [[r.SkyAtmosphere.AerialPerspectiveLUT.SampleCountMaxPerSlice:4]]
[2022.04.13-03.56.13:788][  0]LogConfig: Setting CVar [[r.SkyAtmosphere.AerialPerspectiveLUT.DepthResolution:16.0]]
[2022.04.13-03.56.13:788][  0]LogConfig: Setting CVar [[r.SkyAtmosphere.FastSkyLUT:1]]
[2022.04.13-03.56.13:788][  0]LogConfig: Setting CVar [[r.SkyAtmosphere.FastSkyLUT.SampleCountMin:4.0]]
[2022.04.13-03.56.13:789][  0]LogConfig: Setting CVar [[r.SkyAtmosphere.FastSkyLUT.SampleCountMax:128.0]]
[2022.04.13-03.56.13:789][  0]LogConfig: Setting CVar [[r.SkyAtmosphere.SampleCountMin:4.0]]
[2022.04.13-03.56.13:789][  0]LogConfig: Setting CVar [[r.SkyAtmosphere.SampleCountMax:128.0]]
[2022.04.13-03.56.13:789][  0]LogConfig: Setting CVar [[r.SkyAtmosphere.TransmittanceLUT.UseSmallFormat:0]]
[2022.04.13-03.56.13:789][  0]LogConfig: Setting CVar [[r.SkyAtmosphere.TransmittanceLUT.SampleCount:10.0]]
[2022.04.13-03.56.13:789][  0]LogConfig: Setting CVar [[r.SkyAtmosphere.MultiScatteringLUT.SampleCount:15.0]]
[2022.04.13-03.56.13:789][  0]LogConfig: Setting CVar [[r.SkyLight.RealTimeReflectionCapture:1]]
[2022.04.13-03.56.13:789][  0]LogConfig: Applying CVar settings from Section [FoliageQuality@3] File [C:/Users/Nathans PC/Documents/Unreal Projects/CrossyRoad/Saved/Config/Windows/Scalability.ini]
[2022.04.13-03.56.13:789][  0]LogConfig: Setting CVar [[foliage.DensityScale:1.0]]
[2022.04.13-03.56.13:789][  0]LogConfig: Setting CVar [[grass.DensityScale:1.0]]
[2022.04.13-03.56.13:789][  0]LogConfig: Applying CVar settings from Section [ShadingQuality@3] File [C:/Users/Nathans PC/Documents/Unreal Projects/CrossyRoad/Saved/Config/Windows/Scalability.ini]
[2022.04.13-03.56.13:789][  0]LogConfig: Setting CVar [[r.HairStrands.SkyLighting.IntegrationType:2]]
[2022.04.13-03.56.13:789][  0]LogConfig: Setting CVar [[r.HairStrands.SkyAO.SampleCount:4]]
[2022.04.13-03.56.13:789][  0]LogConfig: Setting CVar [[r.HairStrands.Visibility.MSAA.SamplePerPixel:4]]
[2022.04.13-03.56.13:789][  0]LogInit: Selected Device Profile: [Windows]
[2022.04.13-03.56.13:789][  0]LogInit: Applying CVar settings loaded from the selected device profile: [Windows]
[2022.04.13-03.56.13:789][  0]LogHAL: Display: Platform has ~ 16 GB [17129988096 / 17179869184 / 16], which maps to Larger [LargestMinGB=32, LargerMinGB=12, DefaultMinGB=8, SmallerMinGB=6, SmallestMinGB=0)
[2022.04.13-03.56.13:789][  0]LogInit: Going up to parent DeviceProfile []
[2022.04.13-03.56.13:789][  0]LogConfig: Applying CVar settings from Section [ViewDistanceQuality@3] File [C:/Users/Nathans PC/Documents/Unreal Projects/CrossyRoad/Saved/Config/Windows/Scalability.ini]
[2022.04.13-03.56.13:789][  0]LogConfig: Setting CVar [[r.SkeletalMeshLODBias:0]]
[2022.04.13-03.56.13:789][  0]LogConfig: Setting CVar [[r.ViewDistanceScale:1.0]]
[2022.04.13-03.56.13:789][  0]LogConfig: Applying CVar settings from Section [AntiAliasingQuality@3] File [C:/Users/Nathans PC/Documents/Unreal Projects/CrossyRoad/Saved/Config/Windows/Scalability.ini]
[2022.04.13-03.56.13:789][  0]LogConfig: Setting CVar [[r.PostProcessAAQuality:4]]
[2022.04.13-03.56.13:789][  0]LogConfig: Applying CVar settings from Section [ShadowQuality@3] File [C:/Users/Nathans PC/Documents/Unreal Projects/CrossyRoad/Saved/Config/Windows/Scalability.ini]
[2022.04.13-03.56.13:789][  0]LogConfig: Setting CVar [[r.LightFunctionQuality:1]]
[2022.04.13-03.56.13:789][  0]LogConfig: Setting CVar [[r.ShadowQuality:5]]
[2022.04.13-03.56.13:789][  0]LogConfig: Setting CVar [[r.Shadow.CSM.MaxCascades:10]]
[2022.04.13-03.56.13:789][  0]LogConfig: Setting CVar [[r.Shadow.MaxResolution:2048]]
[2022.04.13-03.56.13:789][  0]LogConfig: Setting CVar [[r.Shadow.MaxCSMResolution:2048]]
[2022.04.13-03.56.13:789][  0]LogConfig: Setting CVar [[r.Shadow.RadiusThreshold:0.01]]
[2022.04.13-03.56.13:789][  0]LogConfig: Setting CVar [[r.Shadow.DistanceScale:1.0]]
[2022.04.13-03.56.13:789][  0]LogConfig: Setting CVar [[r.Shadow.CSM.TransitionScale:1.0]]
[2022.04.13-03.56.13:789][  0]LogConfig: Setting CVar [[r.Shadow.PreShadowResolutionFactor:1.0]]
[2022.04.13-03.56.13:789][  0]LogConfig: Setting CVar [[r.DistanceFieldShadowing:1]]
[2022.04.13-03.56.13:789][  0]LogConfig: Setting CVar [[r.DistanceFieldAO:1]]
[2022.04.13-03.56.13:789][  0]LogConfig: Setting CVar [[r.AOQuality:2]]
[2022.04.13-03.56.13:789][  0]LogConfig: Setting CVar [[r.VolumetricFog:1]]
[2022.04.13-03.56.13:789][  0]LogConfig: Setting CVar [[r.VolumetricFog.GridPixelSize:8]]
[2022.04.13-03.56.13:789][  0]LogConfig: Setting CVar [[r.VolumetricFog.GridSizeZ:128]]
[2022.04.13-03.56.13:789][  0]LogConfig: Setting CVar [[r.VolumetricFog.HistoryMissSupersampleCount:4]]
[2022.04.13-03.56.13:789][  0]LogConfig: Setting CVar [[r.LightMaxDrawDistanceScale:1]]
[2022.04.13-03.56.13:789][  0]LogConfig: Setting CVar [[r.CapsuleShadows:1]]
[2022.04.13-03.56.13:789][  0]LogConfig: Applying CVar settings from Section [PostProcessQuality@3] File [C:/Users/Nathans PC/Documents/Unreal Projects/CrossyRoad/Saved/Config/Windows/Scalability.ini]
[2022.04.13-03.56.13:789][  0]LogConfig: Setting CVar [[r.MotionBlurQuality:4]]
[2022.04.13-03.56.13:789][  0]LogConfig: Setting CVar [[r.AmbientOcclusionMipLevelFactor:0.4]]
[2022.04.13-03.56.13:789][  0]LogConfig: Setting CVar [[r.AmbientOcclusionMaxQuality:100]]
[2022.04.13-03.56.13:789][  0]LogConfig: Setting CVar [[r.AmbientOcclusionLevels:-1]]
[2022.04.13-03.56.13:789][  0]LogConfig: Setting CVar [[r.AmbientOcclusionRadiusScale:1.0]]
[2022.04.13-03.56.13:789][  0]LogConfig: Setting CVar [[r.DepthOfFieldQuality:2]]
[2022.04.13-03.56.13:789][  0]LogConfig: Setting CVar [[r.RenderTargetPoolMin:400]]
[2022.04.13-03.56.13:789][  0]LogConfig: Setting CVar [[r.LensFlareQuality:2]]
[2022.04.13-03.56.13:789][  0]LogConfig: Setting CVar [[r.SceneColorFringeQuality:1]]
[2022.04.13-03.56.13:790][  0]LogConfig: Setting CVar [[r.EyeAdaptationQuality:2]]
[2022.04.13-03.56.13:790][  0]LogConfig: Setting CVar [[r.BloomQuality:5]]
[2022.04.13-03.56.13:790][  0]LogConfig: Setting CVar [[r.FastBlurThreshold:100]]
[2022.04.13-03.56.13:790][  0]LogConfig: Setting CVar [[r.Upscale.Quality:3]]
[2022.04.13-03.56.13:790][  0]LogConfig: Setting CVar [[r.Tonemapper.GrainQuantization:1]]
[2022.04.13-03.56.13:790][  0]LogConfig: Setting CVar [[r.LightShaftQuality:1]]
[2022.04.13-03.56.13:790][  0]LogConfig: Setting CVar [[r.Filter.SizeScale:1]]
[2022.04.13-03.56.13:790][  0]LogConfig: Setting CVar [[r.Tonemapper.Quality:5]]
[2022.04.13-03.56.13:790][  0]LogConfig: Setting CVar [[r.DOF.Gather.AccumulatorQuality:1        ; higher gathering accumulator quality]]
[2022.04.13-03.56.13:790][  0]LogConfig: Setting CVar [[r.DOF.Gather.PostfilterMethod:1          ; Median3x3 postfilering method]]
[2022.04.13-03.56.13:790][  0]LogConfig: Setting CVar [[r.DOF.Gather.EnableBokehSettings:0       ; no bokeh simulation when gathering]]
[2022.04.13-03.56.13:790][  0]LogConfig: Setting CVar [[r.DOF.Gather.RingCount:4                 ; medium number of samples when gathering]]
[2022.04.13-03.56.13:790][  0]LogConfig: Setting CVar [[r.DOF.Scatter.ForegroundCompositing:1    ; additive foreground scattering]]
[2022.04.13-03.56.13:790][  0]LogConfig: Setting CVar [[r.DOF.Scatter.BackgroundCompositing:2    ; additive background scattering]]
[2022.04.13-03.56.13:790][  0]LogConfig: Setting CVar [[r.DOF.Scatter.EnableBokehSettings:1      ; bokeh simulation when scattering]]
[2022.04.13-03.56.13:790][  0]LogConfig: Setting CVar [[r.DOF.Scatter.MaxSpriteRatio:0.1         ; only a maximum of 10% of scattered bokeh]]
[2022.04.13-03.56.13:790][  0]LogConfig: Setting CVar [[r.DOF.Recombine.Quality:1                ; cheap slight out of focus]]
[2022.04.13-03.56.13:790][  0]LogConfig: Setting CVar [[r.DOF.Recombine.EnableBokehSettings:0    ; no bokeh simulation on slight out of focus]]
[2022.04.13-03.56.13:790][  0]LogConfig: Setting CVar [[r.DOF.TemporalAAQuality:1                ; more stable temporal accumulation]]
[2022.04.13-03.56.13:790][  0]LogConfig: Setting CVar [[r.DOF.Kernel.MaxForegroundRadius:0.025]]
[2022.04.13-03.56.13:790][  0]LogConfig: Setting CVar [[r.DOF.Kernel.MaxBackgroundRadius:0.025]]
[2022.04.13-03.56.13:790][  0]LogConfig: Applying CVar settings from Section [TextureQuality@3] File [C:/Users/Nathans PC/Documents/Unreal Projects/CrossyRoad/Saved/Config/Windows/Scalability.ini]
[2022.04.13-03.56.13:790][  0]LogConfig: Setting CVar [[r.Streaming.MipBias:0]]
[2022.04.13-03.56.13:790][  0]LogConfig: Setting CVar [[r.Streaming.AmortizeCPUToGPUCopy:0]]
[2022.04.13-03.56.13:790][  0]LogConfig: Setting CVar [[r.Streaming.MaxNumTexturesToStreamPerFrame:0]]
[2022.04.13-03.56.13:790][  0]LogConfig: Setting CVar [[r.Streaming.Boost:1]]
[2022.04.13-03.56.13:790][  0]LogConfig: Setting CVar [[r.MaxAnisotropy:8]]
[2022.04.13-03.56.13:790][  0]LogConfig: Setting CVar [[r.VT.MaxAnisotropy:8]]
[2022.04.13-03.56.13:790][  0]LogConfig: Setting CVar [[r.Streaming.LimitPoolSizeToVRAM:0]]
[2022.04.13-03.56.13:790][  0]LogConfig: Setting CVar [[r.Streaming.PoolSize:1000]]
[2022.04.13-03.56.13:790][  0]LogConfig: Setting CVar [[r.Streaming.MaxEffectiveScreenSize:0]]
[2022.04.13-03.56.13:790][  0]LogConfig: Applying CVar settings from Section [EffectsQuality@3] File [C:/Users/Nathans PC/Documents/Unreal Projects/CrossyRoad/Saved/Config/Windows/Scalability.ini]
[2022.04.13-03.56.13:790][  0]LogConfig: Setting CVar [[r.TranslucencyLightingVolumeDim:64]]
[2022.04.13-03.56.13:790][  0]LogConfig: Setting CVar [[r.RefractionQuality:2]]
[2022.04.13-03.56.13:790][  0]LogConfig: Setting CVar [[r.SSR.Quality:3]]
[2022.04.13-03.56.13:790][  0]LogConfig: Setting CVar [[r.SSR.HalfResSceneColor:0]]
[2022.04.13-03.56.13:790][  0]LogConfig: Setting CVar [[r.SceneColorFormat:4]]
[2022.04.13-03.56.13:790][  0]LogConfig: Setting CVar [[r.DetailMode:2]]
[2022.04.13-03.56.13:790][  0]LogConfig: Setting CVar [[r.TranslucencyVolumeBlur:1]]
[2022.04.13-03.56.13:790][  0]LogConfig: Setting CVar [[r.MaterialQualityLevel:1 ; High quality]]
[2022.04.13-03.56.13:790][  0]LogConfig: Setting CVar [[r.AnisotropicMaterials:1]]
[2022.04.13-03.56.13:790][  0]LogConfig: Setting CVar [[r.SSS.Scale:1]]
[2022.04.13-03.56.13:790][  0]LogConfig: Setting CVar [[r.SSS.SampleSet:2]]
[2022.04.13-03.56.13:790][  0]LogConfig: Setting CVar [[r.SSS.Quality:1]]
[2022.04.13-03.56.13:790][  0]LogConfig: Setting CVar [[r.SSS.HalfRes:0]]
[2022.04.13-03.56.13:790][  0]LogConfig: Setting CVar [[r.SSGI.Quality:3]]
[2022.04.13-03.56.13:790][  0]LogConfig: Setting CVar [[r.EmitterSpawnRateScale:1.0]]
[2022.04.13-03.56.13:790][  0]LogConfig: Setting CVar [[r.ParticleLightQuality:2]]
[2022.04.13-03.56.13:790][  0]LogConfig: Setting CVar [[r.SkyAtmosphere.AerialPerspectiveLUT.FastApplyOnOpaque:1 ; Always have FastSkyLUT 1 in this case to avoid wrong sky]]
[2022.04.13-03.56.13:790][  0]LogConfig: Setting CVar [[r.SkyAtmosphere.AerialPerspectiveLUT.SampleCountMaxPerSlice:4]]
[2022.04.13-03.56.13:790][  0]LogConfig: Setting CVar [[r.SkyAtmosphere.AerialPerspectiveLUT.DepthResolution:16.0]]
[2022.04.13-03.56.13:790][  0]LogConfig: Setting CVar [[r.SkyAtmosphere.FastSkyLUT:1]]
[2022.04.13-03.56.13:790][  0]LogConfig: Setting CVar [[r.SkyAtmosphere.FastSkyLUT.SampleCountMin:4.0]]
[2022.04.13-03.56.13:790][  0]LogConfig: Setting CVar [[r.SkyAtmosphere.FastSkyLUT.SampleCountMax:128.0]]
[2022.04.13-03.56.13:790][  0]LogConfig: Setting CVar [[r.SkyAtmosphere.SampleCountMin:4.0]]
[2022.04.13-03.56.13:790][  0]LogConfig: Setting CVar [[r.SkyAtmosphere.SampleCountMax:128.0]]
[2022.04.13-03.56.13:790][  0]LogConfig: Setting CVar [[r.SkyAtmosphere.TransmittanceLUT.UseSmallFormat:0]]
[2022.04.13-03.56.13:790][  0]LogConfig: Setting CVar [[r.SkyAtmosphere.TransmittanceLUT.SampleCount:10.0]]
[2022.04.13-03.56.13:790][  0]LogConfig: Setting CVar [[r.SkyAtmosphere.MultiScatteringLUT.SampleCount:15.0]]
[2022.04.13-03.56.13:790][  0]LogConfig: Setting CVar [[r.SkyLight.RealTimeReflectionCapture:1]]
[2022.04.13-03.56.13:790][  0]LogConfig: Applying CVar settings from Section [FoliageQuality@3] File [C:/Users/Nathans PC/Documents/Unreal Projects/CrossyRoad/Saved/Config/Windows/Scalability.ini]
[2022.04.13-03.56.13:790][  0]LogConfig: Setting CVar [[foliage.DensityScale:1.0]]
[2022.04.13-03.56.13:791][  0]LogConfig: Setting CVar [[grass.DensityScale:1.0]]
[2022.04.13-03.56.13:791][  0]LogConfig: Applying CVar settings from Section [ShadingQuality@3] File [C:/Users/Nathans PC/Documents/Unreal Projects/CrossyRoad/Saved/Config/Windows/Scalability.ini]
[2022.04.13-03.56.13:791][  0]LogConfig: Setting CVar [[r.HairStrands.SkyLighting.IntegrationType:2]]
[2022.04.13-03.56.13:791][  0]LogConfig: Setting CVar [[r.HairStrands.SkyAO.SampleCount:4]]
[2022.04.13-03.56.13:791][  0]LogConfig: Setting CVar [[r.HairStrands.Visibility.MSAA.SamplePerPixel:4]]
[2022.04.13-03.56.13:791][  0]LogConfig: Applying CVar settings from Section [Startup] File [../../../Engine/Config/ConsoleVariables.ini]
[2022.04.13-03.56.13:791][  0]LogConfig: Setting CVar [[net.UseAdaptiveNetUpdateFrequency:0]]
[2022.04.13-03.56.13:791][  0]LogConfig: Setting CVar [[p.chaos.AllowCreatePhysxBodies:1]]
[2022.04.13-03.56.13:791][  0]LogConfig: Setting CVar [[fx.SkipVectorVMBackendOptimizations:1]]
[2022.04.13-03.56.13:792][  0]LogConfig: Applying CVar settings from Section [ConsoleVariables] File [C:/Users/Nathans PC/Documents/Unreal Projects/CrossyRoad/Saved/Config/Windows/Engine.ini]
[2022.04.13-03.56.13:792][  0]LogConfig: Applying CVar settings from Section [ConsoleVariables] File [C:/Users/Nathans PC/Documents/Unreal Projects/CrossyRoad/Saved/Config/Windows/Editor.ini]
[2022.04.13-03.56.13:792][  0]LogInit: Computer: NATHAN-PC
[2022.04.13-03.56.13:792][  0]LogInit: User: NathansPC
[2022.04.13-03.56.13:792][  0]LogInit: CPU Page size=4096, Cores=4
[2022.04.13-03.56.13:792][  0]LogInit: High frequency timer resolution =10.000000 MHz
[2022.04.13-03.56.13:792][  0]LogMemory: Memory total: Physical=16.0GB (16GB approx)
[2022.04.13-03.56.13:792][  0]LogMemory: Platform Memory Stats for Windows
[2022.04.13-03.56.13:792][  0]LogMemory: Process Physical Memory: 139.91 MB used, 139.91 MB peak
[2022.04.13-03.56.13:792][  0]LogMemory: Process Virtual Memory: 125.27 MB used, 125.27 MB peak
[2022.04.13-03.56.13:792][  0]LogMemory: Physical Memory: 9811.69 MB used,  6524.74 MB free, 16336.43 MB total
[2022.04.13-03.56.13:792][  0]LogMemory: Virtual Memory: 134206168.00 MB used,  11560.89 MB free, 134217728.00 MB total
[2022.04.13-03.56.13:798][  0]LogWindows: WindowsPlatformFeatures enabled
[2022.04.13-03.56.13:855][  0]LogInit: Physics initialised using underlying interface: PhysX
[2022.04.13-03.56.13:855][  0]LogInit: Using OS detected language (en-US).
[2022.04.13-03.56.13:855][  0]LogInit: Using OS detected locale (en-US).
[2022.04.13-03.56.13:859][  0]LogTextLocalizationManager: No specific localization for 'en-US' exists, so the 'en' localization will be used.
[2022.04.13-03.56.14:148][  0]LogWindowsTextInputMethodSystem: Display: IME system deactivated.
[2022.04.13-03.56.14:205][  0]LogSlate: New Slate User Created.  User Index 0, Is Virtual User: 0
[2022.04.13-03.56.14:205][  0]LogSlate: Slate User Registered.  User Index 0, Is Virtual User: 0
[2022.04.13-03.56.14:250][  0]LogD3D11RHI: Loaded GFSDK_Aftermath_Lib.x64.dll
[2022.04.13-03.56.14:253][  0]LogHMD: Failed to initialize OpenVR with code 110
[2022.04.13-03.56.14:253][  0]LogD3D11RHI: D3D11 min allowed feature level: 11_0
[2022.04.13-03.56.14:253][  0]LogD3D11RHI: D3D11 max allowed feature level: 11_0
[2022.04.13-03.56.14:253][  0]LogD3D11RHI: D3D11 adapters:
[2022.04.13-03.56.14:367][  0]LogD3D11RHI:    0. 'NVIDIA GeForce GTX 1050 Ti' (Feature Level 11_0)
[2022.04.13-03.56.14:367][  0]LogD3D11RHI:       4018/0/8168 MB DedicatedVideo/DedicatedSystem/SharedSystem, Outputs:1, VendorId:0x10de
[2022.04.13-03.56.14:370][  0]LogD3D11RHI:    1. 'Microsoft Basic Render Driver' (Feature Level 11_0)
[2022.04.13-03.56.14:370][  0]LogD3D11RHI:       0/0/8168 MB DedicatedVideo/DedicatedSystem/SharedSystem, Outputs:0, VendorId:0x1414
[2022.04.13-03.56.14:370][  0]LogD3D11RHI: Chosen D3D11 Adapter:
[2022.04.13-03.56.14:370][  0]LogD3D11RHI:     Description : NVIDIA GeForce GTX 1050 Ti
[2022.04.13-03.56.14:370][  0]LogD3D11RHI:     VendorId    : 10de
[2022.04.13-03.56.14:370][  0]LogD3D11RHI:     DeviceId    : 1c82
[2022.04.13-03.56.14:370][  0]LogD3D11RHI:     SubSysId    : 62533842
[2022.04.13-03.56.14:370][  0]LogD3D11RHI:     Revision    : 00a1
[2022.04.13-03.56.14:370][  0]LogD3D11RHI:     DedicatedVideoMemory : 4213178368 bytes
[2022.04.13-03.56.14:370][  0]LogD3D11RHI:     DedicatedSystemMemory : 0 bytes
[2022.04.13-03.56.14:370][  0]LogD3D11RHI:     SharedSystemMemory : 8564994048 bytes
[2022.04.13-03.56.14:370][  0]LogD3D11RHI:     AdapterLuid : 0 61283
[2022.04.13-03.56.14:379][  0]LogD3D11RHI: Creating new Direct3DDevice
[2022.04.13-03.56.14:379][  0]LogD3D11RHI:     GPU DeviceId: 0x1c82 (for the marketing name, search the web for "GPU Device Id")
[2022.04.13-03.56.14:380][  0]LogWindows: EnumDisplayDevices:
[2022.04.13-03.56.14:380][  0]LogWindows:    0. 'NVIDIA GeForce GTX 1050 Ti' (P:1 D:1)
[2022.04.13-03.56.14:380][  0]LogWindows:    1. 'NVIDIA GeForce GTX 1050 Ti' (P:0 D:0)
[2022.04.13-03.56.14:380][  0]LogWindows:    2. 'NVIDIA GeForce GTX 1050 Ti' (P:0 D:0)
[2022.04.13-03.56.14:381][  0]LogWindows:    3. 'NVIDIA GeForce GTX 1050 Ti' (P:0 D:0)
[2022.04.13-03.56.14:381][  0]LogWindows: DebugString: FoundDriverCount:4 
[2022.04.13-03.56.14:381][  0]LogD3D11RHI:     Adapter Name: NVIDIA GeForce GTX 1050 Ti
[2022.04.13-03.56.14:381][  0]LogD3D11RHI:   Driver Version: 497.29 (internal:30.0.14.9729, unified:497.29)
[2022.04.13-03.56.14:381][  0]LogD3D11RHI:      Driver Date: 12-15-2021
[2022.04.13-03.56.14:381][  0]LogRHI: Texture pool is 2812 MB (70% of 4018 MB)
[2022.04.13-03.56.14:381][  0]LogD3D11RHI: Creating D3DDevice using adapter:
[2022.04.13-03.56.14:381][  0]LogD3D11RHI:     Description : NVIDIA GeForce GTX 1050 Ti
[2022.04.13-03.56.14:381][  0]LogD3D11RHI:     VendorId    : 10de
[2022.04.13-03.56.14:381][  0]LogD3D11RHI:     DeviceId    : 1c82
[2022.04.13-03.56.14:381][  0]LogD3D11RHI:     SubSysId    : 62533842
[2022.04.13-03.56.14:381][  0]LogD3D11RHI:     Revision    : 00a1
[2022.04.13-03.56.14:381][  0]LogD3D11RHI:     DedicatedVideoMemory : 4213178368 bytes
[2022.04.13-03.56.14:381][  0]LogD3D11RHI:     DedicatedSystemMemory : 0 bytes
[2022.04.13-03.56.14:381][  0]LogD3D11RHI:     SharedSystemMemory : 8564994048 bytes
[2022.04.13-03.56.14:381][  0]LogD3D11RHI:     AdapterLuid : 0 61283
[2022.04.13-03.56.14:452][  0]LogD3D11RHI: RHI has support for 64 bit atomics
[2022.04.13-03.56.14:452][  0]LogD3D11RHI: Async texture creation enabled
[2022.04.13-03.56.14:452][  0]LogD3D11RHI: Array index from any shader is supported
[2022.04.13-03.56.14:724][  0]LogD3D11RHI: GPU Timing Frequency: 1000.000000 (Debug: 2 1)
[2022.04.13-03.56.14:846][  0]LogRHI: GeForceNow SDK initialized: 1
[2022.04.13-03.56.15:190][  0]LogTargetPlatformManager: Display: Loaded TargetPlatform 'WindowsNoEditor'
[2022.04.13-03.56.15:195][  0]LogTargetPlatformManager: Display: Loaded TargetPlatform 'Windows'
[2022.04.13-03.56.15:200][  0]LogTargetPlatformManager: Display: Loaded TargetPlatform 'WindowsClient'
[2022.04.13-03.56.15:205][  0]LogTargetPlatformManager: Display: Loaded TargetPlatform 'WindowsServer'
[2022.04.13-03.56.15:206][  0]LogTargetPlatformManager: Display: Building Assets For Windows
[2022.04.13-03.56.15:214][  0]LogAudioDebug: Display: Lib vorbis DLL was dynamically loaded.
[2022.04.13-03.56.15:251][  0]LogTextureFormatOodle: Display: Oodle Texture 2.9.0 init RDO Off
[2022.04.13-03.56.15:284][  0]LogRendererCore: Ray tracing is disabled. Reason: r.RayTracing=0.
[2022.04.13-03.56.15:284][  0]LogShaderCompilers: Guid format shader working directory is -20 characters bigger than the processId version (../../../../../../Users/Nathans PC/Documents/Unreal Projects/CrossyRoad/Intermediate/Shaders/WorkingDirectory/9484/).
[2022.04.13-03.56.15:284][  0]LogShaderCompilers: Cleaned the shader compiler working directory 'C:/Users/Nathans PC/AppData/Local/Temp/UnrealShaderWorkingDir/7360857543063D1A78854E9E02593372/'.
[2022.04.13-03.56.15:285][  0]LogXGEController: Cannot use XGE Controller as Incredibuild is not installed on this machine.
[2022.04.13-03.56.15:285][  0]LogShaderCompilers: Cannot use XGE Shader Compiler as Incredibuild is not installed on this machine.
[2022.04.13-03.56.15:285][  0]LogShaderCompilers: Display: Using Local Shader Compiler.
[2022.04.13-03.56.15:988][  0]LogDerivedDataCache: Display: Max Cache Size: 512 MB
[2022.04.13-03.56.16:054][  0]LogDerivedDataCache: Loaded boot cache 0.07s 94MB C:/Users/Nathans PC/AppData/Local/UnrealEngine/4.27/DerivedDataCache/Boot.ddc.
[2022.04.13-03.56.16:054][  0]LogDerivedDataCache: Display: Loaded Boot cache: C:/Users/Nathans PC/AppData/Local/UnrealEngine/4.27/DerivedDataCache/Boot.ddc
[2022.04.13-03.56.16:054][  0]LogDerivedDataCache: FDerivedDataBackendGraph:  Pak pak cache file ../../../../../../Users/Nathans PC/Documents/Unreal Projects/CrossyRoad/DerivedDataCache/DDC.ddp not found, will not use a pak cache.
[2022.04.13-03.56.16:054][  0]LogDerivedDataCache: Unable to find inner node Pak for hierarchical cache Hierarchy.
[2022.04.13-03.56.16:054][  0]LogDerivedDataCache: FDerivedDataBackendGraph:  CompressedPak pak cache file ../../../../../../Users/Nathans PC/Documents/Unreal Projects/CrossyRoad/DerivedDataCache/Compressed.ddp not found, will not use a pak cache.
[2022.04.13-03.56.16:054][  0]LogDerivedDataCache: Unable to find inner node CompressedPak for hierarchical cache Hierarchy.
[2022.04.13-03.56.16:072][  0]LogDerivedDataCache: Display: Pak cache opened for reading ../../../Engine/DerivedDataCache/Compressed.ddp.
[2022.04.13-03.56.16:072][  0]LogDerivedDataCache: FDerivedDataBackendGraph:  EnterprisePak pak cache file ../../../Enterprise/DerivedDataCache/Compressed.ddp not found, will not use a pak cache.
[2022.04.13-03.56.16:072][  0]LogDerivedDataCache: Unable to find inner node EnterprisePak for hierarchical cache Hierarchy.
[2022.04.13-03.56.16:083][  0]LogDerivedDataCache: Speed tests for C:/Users/Nathans PC/AppData/Local/UnrealEngine/Common/DerivedDataCache took 0.01 seconds
[2022.04.13-03.56.16:083][  0]LogDerivedDataCache: Display: Performance to C:/Users/Nathans PC/AppData/Local/UnrealEngine/Common/DerivedDataCache: Latency=0.03ms. RandomReadSpeed=195.93MBs, RandomWriteSpeed=156.11MBs. Assigned SpeedClass 'Local'
[2022.04.13-03.56.16:084][  0]LogDerivedDataCache: Using Local data cache path C:/Users/Nathans PC/AppData/Local/UnrealEngine/Common/DerivedDataCache: Writable
[2022.04.13-03.56.16:084][  0]LogDerivedDataCache: Shared data cache path not found in *engine.ini, will not use an Shared cache.
[2022.04.13-03.56.16:084][  0]LogDerivedDataCache: Unable to find inner node Shared for hierarchical cache Hierarchy.
[2022.04.13-03.56.16:523][  0]LogShaderCompilers: Display: Submitted 690 shader compile jobs with 'High' priority
[2022.04.13-03.56.16:523][  0]LogSlate: Using FreeType 2.10.0
[2022.04.13-03.56.16:524][  0]LogSlate: SlateFontServices - WITH_FREETYPE: 1, WITH_HARFBUZZ: 1
[2022.04.13-03.56.17:107][  0]LogShaderCompilers: Display: Worker (1/3): shaders left to compile 690
[2022.04.13-03.56.17:107][  0]LogShaderCompilers: Display: Worker (2/3): shaders left to compile 680
[2022.04.13-03.56.17:107][  0]LogShaderCompilers: Display: Worker (3/3): shaders left to compile 670
[2022.04.13-03.56.17:107][  0]LogShaderCompilers: Display: Started 30 'Local' shader compile jobs with 'High' priority
[2022.04.13-03.56.17:664][  0]LogShaderCompilers: Display: Worker (1/3): shaders left to compile 660
[2022.04.13-03.56.17:664][  0]LogShaderCompilers: Display: Started 10 'Local' shader compile jobs with 'High' priority
[2022.04.13-03.56.17:664][  0]LogShaderCompilers: Display: Worker (2/3): shaders left to compile 650
[2022.04.13-03.56.17:664][  0]LogShaderCompilers: Display: Started 10 'Local' shader compile jobs with 'High' priority
[2022.04.13-03.56.17:664][  0]LogShaderCompilers: Display: Worker (3/3): shaders left to compile 640
[2022.04.13-03.56.17:664][  0]LogShaderCompilers: Display: Started 10 'Local' shader compile jobs with 'High' priority
[2022.04.13-03.56.18:776][  0]LogShaderCompilers: Display: Worker (1/3): shaders left to compile 630
[2022.04.13-03.56.18:776][  0]LogShaderCompilers: Display: Started 10 'Local' shader compile jobs with 'High' priority
[2022.04.13-03.56.18:776][  0]LogShaderCompilers: Display: Worker (2/3): shaders left to compile 620
[2022.04.13-03.56.18:776][  0]LogShaderCompilers: Display: Started 10 'Local' shader compile jobs with 'High' priority
[2022.04.13-03.56.19:338][  0]LogShaderCompilers: Display: Worker (3/3): shaders left to compile 610
[2022.04.13-03.56.19:338][  0]LogShaderCompilers: Display: Started 10 'Local' shader compile jobs with 'High' priority
[2022.04.13-03.56.19:895][  0]LogShaderCompilers: Display: Worker (2/3): shaders left to compile 600
[2022.04.13-03.56.19:895][  0]LogShaderCompilers: Display: Started 10 'Local' shader compile jobs with 'High' priority
[2022.04.13-03.56.19:895][  0]LogShaderCompilers: Display: Worker (1/3): shaders left to compile 590
[2022.04.13-03.56.19:895][  0]LogShaderCompilers: Display: Started 10 'Local' shader compile jobs with 'High' priority
[2022.04.13-03.56.20:452][  0]LogShaderCompilers: Display: Worker (3/3): shaders left to compile 580
[2022.04.13-03.56.20:452][  0]LogShaderCompilers: Display: Started 10 'Local' shader compile jobs with 'High' priority
[2022.04.13-03.56.21:008][  0]LogShaderCompilers: Display: Worker (2/3): shaders left to compile 570
[2022.04.13-03.56.21:008][  0]LogShaderCompilers: Display: Started 10 'Local' shader compile jobs with 'High' priority
[2022.04.13-03.56.21:008][  0]LogShaderCompilers: Display: Worker (1/3): shaders left to compile 560
[2022.04.13-03.56.21:008][  0]LogShaderCompilers: Display: Started 10 'Local' shader compile jobs with 'High' priority
[2022.04.13-03.56.21:564][  0]LogShaderCompilers: Display: Worker (3/3): shaders left to compile 550
[2022.04.13-03.56.21:564][  0]LogShaderCompilers: Display: Started 10 'Local' shader compile jobs with 'High' priority
[2022.04.13-03.56.22:123][  0]LogShaderCompilers: Display: Worker (2/3): shaders left to compile 540
[2022.04.13-03.56.22:123][  0]LogShaderCompilers: Display: Started 10 'Local' shader compile jobs with 'High' priority
[2022.04.13-03.56.22:680][  0]LogShaderCompilers: Display: Worker (1/3): shaders left to compile 530
[2022.04.13-03.56.22:680][  0]LogShaderCompilers: Display: Started 10 'Local' shader compile jobs with 'High' priority
[2022.04.13-03.56.22:680][  0]LogShaderCompilers: Display: Worker (3/3): shaders left to compile 520
[2022.04.13-03.56.22:680][  0]LogShaderCompilers: Display: Started 10 'Local' shader compile jobs with 'High' priority
[2022.04.13-03.56.23:795][  0]LogShaderCompilers: Display: Worker (2/3): shaders left to compile 510
[2022.04.13-03.56.23:795][  0]LogShaderCompilers: Display: Started 10 'Local' shader compile jobs with 'High' priority
[2022.04.13-03.56.26:038][  0]LogShaderCompilers: Display: Worker (3/3): shaders left to compile 500
[2022.04.13-03.56.26:038][  0]LogShaderCompilers: Display: Started 10 'Local' shader compile jobs with 'High' priority
[2022.04.13-03.56.26:597][  0]LogShaderCompilers: Display: Worker (2/3): shaders left to compile 490
[2022.04.13-03.56.26:597][  0]LogShaderCompilers: Display: Started 10 'Local' shader compile jobs with 'High' priority
[2022.04.13-03.56.27:712][  0]LogShaderCompilers: Display: Worker (1/3): shaders left to compile 480
[2022.04.13-03.56.27:712][  0]LogShaderCompilers: Display: Started 10 'Local' shader compile jobs with 'High' priority
[2022.04.13-03.56.28:268][  0]LogShaderCompilers: Display: Worker (3/3): shaders left to compile 470
[2022.04.13-03.56.28:268][  0]LogShaderCompilers: Display: Started 10 'Local' shader compile jobs with 'High' priority
[2022.04.13-03.56.28:268][  0]LogShaderCompilers: Display: Worker (2/3): shaders left to compile 460
[2022.04.13-03.56.28:268][  0]LogShaderCompilers: Display: Started 10 'Local' shader compile jobs with 'High' priority
[2022.04.13-03.56.29:381][  0]LogShaderCompilers: Display: Worker (1/3): shaders left to compile 450
[2022.04.13-03.56.29:381][  0]LogShaderCompilers: Display: Started 10 'Local' shader compile jobs with 'High' priority
[2022.04.13-03.56.29:937][  0]LogShaderCompilers: Display: Worker (3/3): shaders left to compile 440
[2022.04.13-03.56.29:937][  0]LogShaderCompilers: Display: Started 10 'Local' shader compile jobs with 'High' priority
[2022.04.13-03.56.29:937][  0]LogShaderCompilers: Display: Worker (2/3): shaders left to compile 430
[2022.04.13-03.56.29:937][  0]LogShaderCompilers: Display: Started 10 'Local' shader compile jobs with 'High' priority
[2022.04.13-03.56.32:163][  0]LogShaderCompilers: Display: Worker (2/3): shaders left to compile 420
[2022.04.13-03.56.32:163][  0]LogShaderCompilers: Display: Started 10 'Local' shader compile jobs with 'High' priority
[2022.04.13-03.56.32:163][  0]LogShaderCompilers: Display: Worker (3/3): shaders left to compile 410
[2022.04.13-03.56.32:163][  0]LogShaderCompilers: Display: Started 10 'Local' shader compile jobs with 'High' priority
[2022.04.13-03.56.33:286][  0]LogShaderCompilers: Display: Worker (1/3): shaders left to compile 400
[2022.04.13-03.56.33:286][  0]LogShaderCompilers: Display: Started 10 'Local' shader compile jobs with 'High' priority
[2022.04.13-03.56.33:286][  0]LogShaderCompilers: Display: Worker (2/3): shaders left to compile 390
[2022.04.13-03.56.33:286][  0]LogShaderCompilers: Display: Started 10 'Local' shader compile jobs with 'High' priority
[2022.04.13-03.56.33:843][  0]LogShaderCompilers: Display: Worker (3/3): shaders left to compile 380
[2022.04.13-03.56.33:843][  0]LogShaderCompilers: Display: Started 10 'Local' shader compile jobs with 'High' priority
[2022.04.13-03.56.35:515][  0]LogShaderCompilers: Display: Worker (2/3): shaders left to compile 370
[2022.04.13-03.56.35:515][  0]LogShaderCompilers: Display: Started 10 'Local' shader compile jobs with 'High' priority
[2022.04.13-03.56.35:515][  0]LogShaderCompilers: Display: Worker (3/3): shaders left to compile 360
[2022.04.13-03.56.35:515][  0]LogShaderCompilers: Display: Started 10 'Local' shader compile jobs with 'High' priority
[2022.04.13-03.56.35:515][  0]LogShaderCompilers: Display: Worker (1/3): shaders left to compile 350
[2022.04.13-03.56.35:515][  0]LogShaderCompilers: Display: Started 10 'Local' shader compile jobs with 'High' priority
[2022.04.13-03.56.37:184][  0]LogShaderCompilers: Display: Worker (1/3): shaders left to compile 340
[2022.04.13-03.56.37:184][  0]LogShaderCompilers: Display: Started 10 'Local' shader compile jobs with 'High' priority
[2022.04.13-03.56.37:184][  0]LogShaderCompilers: Display: Worker (2/3): shaders left to compile 330
[2022.04.13-03.56.37:184][  0]LogShaderCompilers: Display: Started 10 'Local' shader compile jobs with 'High' priority
[2022.04.13-03.56.37:184][  0]LogShaderCompilers: Display: Worker (3/3): shaders left to compile 320
[2022.04.13-03.56.37:184][  0]LogShaderCompilers: Display: Started 10 'Local' shader compile jobs with 'High' priority
